# JRE version: OpenJDK Runtime Environment (11.0.6+10) (build 11.0.6+10-post-Debian-1deb10u1)
# Java VM: OpenJDK 64-Bit Server VM (11.0.6+10-post-Debian-1deb10u1, mixed mode, sharing, tiered, compressed oops, serial gc, linux-amd64)
Heap:
 def new generation   total 9920K, used 2879K [0x00000000e0c00000, 0x00000000e16c0000, 0x00000000eb2a0000)
  eden space 8832K,  23% used [0x00000000e0c00000, 0x00000000e0e0cd00, 0x00000000e14a0000)
  from space 1088K,  71% used [0x00000000e15b0000, 0x00000000e1673000, 0x00000000e16c0000)
  to   space 1088K,   0% used [0x00000000e14a0000, 0x00000000e14a0000, 0x00000000e15b0000)
 tenured generation   total 21888K, used 11019K [0x00000000eb2a0000, 0x00000000ec800000, 0x0000000100000000)
   the space 21888K,  50% used [0x00000000eb2a0000, 0x00000000ebd62dc0, 0x00000000ebd62e00, 0x00000000ec800000)
 Metaspace       used 26619K, capacity 27291K, committed 27568K, reserved 1073152K
  class space    used 3478K, capacity 3744K, committed 3840K, reserved 1048576K
GC Heap History (20 events):
Event: 9,927 GC heap before
{Heap before GC invocations=8 (full 0):
 def new generation   total 9792K, used 8763K [0x00000000e0c00000, 0x00000000e16a0000, 0x00000000eb2a0000)
  eden space 8704K,  99% used [0x00000000e0c00000, 0x00000000e147f0d8, 0x00000000e1480000)
  from space 1088K,   5% used [0x00000000e1480000, 0x00000000e148fd00, 0x00000000e1590000)
  to   space 1088K,   0% used [0x00000000e1590000, 0x00000000e1590000, 0x00000000e16a0000)
 tenured generation   total 21888K, used 6246K [0x00000000eb2a0000, 0x00000000ec800000, 0x0000000100000000)
   the space 21888K,  28% used [0x00000000eb2a0000, 0x00000000eb8b99b8, 0x00000000eb8b9a00, 0x00000000ec800000)
 Metaspace       used 11508K, capacity 12096K, committed 12416K, reserved 1060864K
  class space    used 1410K, capacity 1645K, committed 1664K, reserved 1048576K
}
Event: 9,928 GC heap after
{Heap after GC invocations=9 (full 0):
 def new generation   total 9792K, used 74K [0x00000000e0c00000, 0x00000000e16a0000, 0x00000000eb2a0000)
  eden space 8704K,   0% used [0x00000000e0c00000, 0x00000000e0c00000, 0x00000000e1480000)
  from space 1088K,   6% used [0x00000000e1590000, 0x00000000e15a2a48, 0x00000000e16a0000)
  to   space 1088K,   0% used [0x00000000e1480000, 0x00000000e1480000, 0x00000000e1590000)
 tenured generation   total 21888K, used 6246K [0x00000000eb2a0000, 0x00000000ec800000, 0x0000000100000000)
   the space 21888K,  28% used [0x00000000eb2a0000, 0x00000000eb8b99b8, 0x00000000eb8b9a00, 0x00000000ec800000)
 Metaspace       used 11508K, capacity 12096K, committed 12416K, reserved 1060864K
  class space    used 1410K, capacity 1645K, committed 1664K, reserved 1048576K
}
Event: 10,088 GC heap before
{Heap before GC invocations=9 (full 0):
 def new generation   total 9792K, used 8778K [0x00000000e0c00000, 0x00000000e16a0000, 0x00000000eb2a0000)
  eden space 8704K, 100% used [0x00000000e0c00000, 0x00000000e1480000, 0x00000000e1480000)
  from space 1088K,   6% used [0x00000000e1590000, 0x00000000e15a2a48, 0x00000000e16a0000)
  to   space 1088K,   0% used [0x00000000e1480000, 0x00000000e1480000, 0x00000000e1590000)
 tenured generation   total 21888K, used 6246K [0x00000000eb2a0000, 0x00000000ec800000, 0x0000000100000000)
   the space 21888K,  28% used [0x00000000eb2a0000, 0x00000000eb8b99b8, 0x00000000eb8b9a00, 0x00000000ec800000)
 Metaspace       used 11660K, capacity 12239K, committed 12416K, reserved 1060864K
  class space    used 1428K, capacity 1650K, committed 1664K, reserved 1048576K
}
Event: 10,091 GC heap after
{Heap after GC invocations=10 (full 0):
 def new generation   total 9792K, used 134K [0x00000000e0c00000, 0x00000000e16a0000, 0x00000000eb2a0000)
  eden space 8704K,   0% used [0x00000000e0c00000, 0x00000000e0c00000, 0x00000000e1480000)
  from space 1088K,  12% used [0x00000000e1480000, 0x00000000e14a1b18, 0x00000000e1590000)
  to   space 1088K,   0% used [0x00000000e1590000, 0x00000000e1590000, 0x00000000e16a0000)
 tenured generation   total 21888K, used 6246K [0x00000000eb2a0000, 0x00000000ec800000, 0x0000000100000000)
   the space 21888K,  28% used [0x00000000eb2a0000, 0x00000000eb8b99b8, 0x00000000eb8b9a00, 0x00000000ec800000)
 Metaspace       used 11660K, capacity 12239K, committed 12416K, reserved 1060864K
  class space    used 1428K, capacity 1650K, committed 1664K, reserved 1048576K
}
Event: 11,201 GC heap before
{Heap before GC invocations=10 (full 0):
 def new generation   total 9792K, used 8838K [0x00000000e0c00000, 0x00000000e16a0000, 0x00000000eb2a0000)
  eden space 8704K, 100% used [0x00000000e0c00000, 0x00000000e1480000, 0x00000000e1480000)
  from space 1088K,  12% used [0x00000000e1480000, 0x00000000e14a1b18, 0x00000000e1590000)
  to   space 1088K,   0% used [0x00000000e1590000, 0x00000000e1590000, 0x00000000e16a0000)
 tenured generation   total 21888K, used 6246K [0x00000000eb2a0000, 0x00000000ec800000, 0x0000000100000000)
   the space 21888K,  28% used [0x00000000eb2a0000, 0x00000000eb8b99b8, 0x00000000eb8b9a00, 0x00000000ec800000)
 Metaspace       used 12871K, capacity 13449K, committed 13696K, reserved 1060864K
  class space    used 1539K, capacity 1795K, committed 1920K, reserved 1048576K
}
Event: 11,206 GC heap after
{Heap after GC invocations=11 (full 0):
 def new generation   total 9792K, used 781K [0x00000000e0c00000, 0x00000000e16a0000, 0x00000000eb2a0000)
  eden space 8704K,   0% used [0x00000000e0c00000, 0x00000000e0c00000, 0x00000000e1480000)
  from space 1088K,  71% used [0x00000000e1590000, 0x00000000e1653480, 0x00000000e16a0000)
  to   space 1088K,   0% used [0x00000000e1480000, 0x00000000e1480000, 0x00000000e1590000)
 tenured generation   total 21888K, used 6246K [0x00000000eb2a0000, 0x00000000ec800000, 0x0000000100000000)
   the space 21888K,  28% used [0x00000000eb2a0000, 0x00000000eb8b99b8, 0x00000000eb8b9a00, 0x00000000ec800000)
 Metaspace       used 12871K, capacity 13449K, committed 13696K, reserved 1060864K
  class space    used 1539K, capacity 1795K, committed 1920K, reserved 1048576K
}
Event: 12,253 GC heap before
{Heap before GC invocations=11 (full 0):
 def new generation   total 9792K, used 9485K [0x00000000e0c00000, 0x00000000e16a0000, 0x00000000eb2a0000)
  eden space 8704K,  99% used [0x00000000e0c00000, 0x00000000e147ffc8, 0x00000000e1480000)
  from space 1088K,  71% used [0x00000000e1590000, 0x00000000e1653480, 0x00000000e16a0000)
  to   space 1088K,   0% used [0x00000000e1480000, 0x00000000e1480000, 0x00000000e1590000)
 tenured generation   total 21888K, used 6246K [0x00000000eb2a0000, 0x00000000ec800000, 0x0000000100000000)
   the space 21888K,  28% used [0x00000000eb2a0000, 0x00000000eb8b99b8, 0x00000000eb8b9a00, 0x00000000ec800000)
 Metaspace       used 14447K, capacity 15053K, committed 15232K, reserved 1062912K
  class space    used 1827K, capacity 2077K, committed 2176K, reserved 1048576K
}
Event: 12,261 GC heap after
{Heap after GC invocations=12 (full 0):
 def new generation   total 9792K, used 812K [0x00000000e0c00000, 0x00000000e16a0000, 0x00000000eb2a0000)
  eden space 8704K,   0% used [0x00000000e0c00000, 0x00000000e0c00000, 0x00000000e1480000)
  from space 1088K,  74% used [0x00000000e1480000, 0x00000000e154b370, 0x00000000e1590000)
  to   space 1088K,   0% used [0x00000000e1590000, 0x00000000e1590000, 0x00000000e16a0000)
 tenured generation   total 21888K, used 7016K [0x00000000eb2a0000, 0x00000000ec800000, 0x0000000100000000)
   the space 21888K,  32% used [0x00000000eb2a0000, 0x00000000eb97a1e8, 0x00000000eb97a200, 0x00000000ec800000)
 Metaspace       used 14447K, capacity 15053K, committed 15232K, reserved 1062912K
  class space    used 1827K, capacity 2077K, committed 2176K, reserved 1048576K
}
Event: 13,106 GC heap before
{Heap before GC invocations=12 (full 0):
 def new generation   total 9792K, used 9516K [0x00000000e0c00000, 0x00000000e16a0000, 0x00000000eb2a0000)
  eden space 8704K, 100% used [0x00000000e0c00000, 0x00000000e1480000, 0x00000000e1480000)
  from space 1088K,  74% used [0x00000000e1480000, 0x00000000e154b370, 0x00000000e1590000)
  to   space 1088K,   0% used [0x00000000e1590000, 0x00000000e1590000, 0x00000000e16a0000)
 tenured generation   total 21888K, used 7016K [0x00000000eb2a0000, 0x00000000ec800000, 0x0000000100000000)
   the space 21888K,  32% used [0x00000000eb2a0000, 0x00000000eb97a1e8, 0x00000000eb97a200, 0x00000000ec800000)
 Metaspace       used 16176K, capacity 16761K, committed 17024K, reserved 1064960K
  class space    used 2126K, capacity 2368K, committed 2432K, reserved 1048576K
}
Event: 13,113 GC heap after
{Heap after GC invocations=13 (full 0):
 def new generation   total 9792K, used 339K [0x00000000e0c00000, 0x00000000e16a0000, 0x00000000eb2a0000)
  eden space 8704K,   0% used [0x00000000e0c00000, 0x00000000e0c00000, 0x00000000e1480000)
  from space 1088K,  31% used [0x00000000e1590000, 0x00000000e15e4fd0, 0x00000000e16a0000)
  to   space 1088K,   0% used [0x00000000e1480000, 0x00000000e1480000, 0x00000000e1590000)
 tenured generation   total 21888K, used 7816K [0x00000000eb2a0000, 0x00000000ec800000, 0x0000000100000000)
   the space 21888K,  35% used [0x00000000eb2a0000, 0x00000000eba42250, 0x00000000eba42400, 0x00000000ec800000)
 Metaspace       used 16176K, capacity 16761K, committed 17024K, reserved 1064960K
  class space    used 2126K, capacity 2368K, committed 2432K, reserved 1048576K
}
Event: 14,137 GC heap before
{Heap before GC invocations=13 (full 0):
 def new generation   total 9792K, used 9043K [0x00000000e0c00000, 0x00000000e16a0000, 0x00000000eb2a0000)
  eden space 8704K, 100% used [0x00000000e0c00000, 0x00000000e1480000, 0x00000000e1480000)
  from space 1088K,  31% used [0x00000000e1590000, 0x00000000e15e4fd0, 0x00000000e16a0000)
  to   space 1088K,   0% used [0x00000000e1480000, 0x00000000e1480000, 0x00000000e1590000)
 tenured generation   total 21888K, used 7816K [0x00000000eb2a0000, 0x00000000ec800000, 0x0000000100000000)
   the space 21888K,  35% used [0x00000000eb2a0000, 0x00000000eba42250, 0x00000000eba42400, 0x00000000ec800000)
 Metaspace       used 18141K, capacity 18766K, committed 18944K, reserved 1064960K
  class space    used 2493K, capacity 2760K, committed 2816K, reserved 1048576K
}
Event: 14,146 GC heap after
{Heap after GC invocations=14 (full 0):
 def new generation   total 9792K, used 620K [0x00000000e0c00000, 0x00000000e16a0000, 0x00000000eb2a0000)
  eden space 8704K,   0% used [0x00000000e0c00000, 0x00000000e0c00000, 0x00000000e1480000)
  from space 1088K,  57% used [0x00000000e1480000, 0x00000000e151b3f8, 0x00000000e1590000)
  to   space 1088K,   0% used [0x00000000e1590000, 0x00000000e1590000, 0x00000000e16a0000)
 tenured generation   total 21888K, used 7816K [0x00000000eb2a0000, 0x00000000ec800000, 0x0000000100000000)
   the space 21888K,  35% used [0x00000000eb2a0000, 0x00000000eba42250, 0x00000000eba42400, 0x00000000ec800000)
 Metaspace       used 18141K, capacity 18766K, committed 18944K, reserved 1064960K
  class space    used 2493K, capacity 2760K, committed 2816K, reserved 1048576K
}
Event: 15,374 GC heap before
{Heap before GC invocations=14 (full 0):
 def new generation   total 9792K, used 7506K [0x00000000e0c00000, 0x00000000e16a0000, 0x00000000eb2a0000)
  eden space 8704K,  79% used [0x00000000e0c00000, 0x00000000e12b96a8, 0x00000000e1480000)
  from space 1088K,  57% used [0x00000000e1480000, 0x00000000e151b3f8, 0x00000000e1590000)
  to   space 1088K,   0% used [0x00000000e1590000, 0x00000000e1590000, 0x00000000e16a0000)
 tenured generation   total 21888K, used 7816K [0x00000000eb2a0000, 0x00000000ec800000, 0x0000000100000000)
   the space 21888K,  35% used [0x00000000eb2a0000, 0x00000000eba42250, 0x00000000eba42400, 0x00000000ec800000)
 Metaspace       used 20526K, capacity 21141K, committed 21296K, reserved 1067008K
  class space    used 2683K, capacity 2933K, committed 2944K, reserved 1048576K
}
Event: 15,446 GC heap after
{Heap after GC invocations=15 (full 1):
 def new generation   total 9920K, used 0K [0x00000000e0c00000, 0x00000000e16c0000, 0x00000000eb2a0000)
  eden space 8832K,   0% used [0x00000000e0c00000, 0x00000000e0c00000, 0x00000000e14a0000)
  from space 1088K,   0% used [0x00000000e14a0000, 0x00000000e14a0000, 0x00000000e15b0000)
  to   space 1088K,   0% used [0x00000000e15b0000, 0x00000000e15b0000, 0x00000000e16c0000)
 tenured generation   total 21888K, used 10260K [0x00000000eb2a0000, 0x00000000ec800000, 0x0000000100000000)
   the space 21888K,  46% used [0x00000000eb2a0000, 0x00000000ebca5000, 0x00000000ebca5000, 0x00000000ec800000)
 Metaspace       used 20526K, capacity 21141K, committed 21296K, reserved 1067008K
  class space    used 2683K, capacity 2933K, committed 2944K, reserved 1048576K
}
Event: 17,310 GC heap before
{Heap before GC invocations=15 (full 1):
 def new generation   total 9920K, used 8823K [0x00000000e0c00000, 0x00000000e16c0000, 0x00000000eb2a0000)
  eden space 8832K,  99% used [0x00000000e0c00000, 0x00000000e149de98, 0x00000000e14a0000)
  from space 1088K,   0% used [0x00000000e14a0000, 0x00000000e14a0000, 0x00000000e15b0000)
  to   space 1088K,   0% used [0x00000000e15b0000, 0x00000000e15b0000, 0x00000000e16c0000)
 tenured generation   total 21888K, used 10260K [0x00000000eb2a0000, 0x00000000ec800000, 0x0000000100000000)
   the space 21888K,  46% used [0x00000000eb2a0000, 0x00000000ebca5000, 0x00000000ebca5000, 0x00000000ec800000)
 Metaspace       used 22505K, capacity 23064K, committed 23344K, reserved 1069056K
  class space    used 2955K, capacity 3190K, committed 3200K, reserved 1048576K
}
Event: 17,317 GC heap after
{Heap after GC invocations=16 (full 1):
 def new generation   total 9920K, used 819K [0x00000000e0c00000, 0x00000000e16c0000, 0x00000000eb2a0000)
  eden space 8832K,   0% used [0x00000000e0c00000, 0x00000000e0c00000, 0x00000000e14a0000)
  from space 1088K,  75% used [0x00000000e15b0000, 0x00000000e167cff8, 0x00000000e16c0000)
  to   space 1088K,   0% used [0x00000000e14a0000, 0x00000000e14a0000, 0x00000000e15b0000)
 tenured generation   total 21888K, used 10260K [0x00000000eb2a0000, 0x00000000ec800000, 0x0000000100000000)
   the space 21888K,  46% used [0x00000000eb2a0000, 0x00000000ebca5000, 0x00000000ebca5000, 0x00000000ec800000)
 Metaspace       used 22505K, capacity 23064K, committed 23344K, reserved 1069056K
  class space    used 2955K, capacity 3190K, committed 3200K, reserved 1048576K
}
Event: 17,967 GC heap before
{Heap before GC invocations=16 (full 1):
 def new generation   total 9920K, used 9651K [0x00000000e0c00000, 0x00000000e16c0000, 0x00000000eb2a0000)
  eden space 8832K, 100% used [0x00000000e0c00000, 0x00000000e14a0000, 0x00000000e14a0000)
  from space 1088K,  75% used [0x00000000e15b0000, 0x00000000e167cff8, 0x00000000e16c0000)
  to   space 1088K,   0% used [0x00000000e14a0000, 0x00000000e14a0000, 0x00000000e15b0000)
 tenured generation   total 21888K, used 10260K [0x00000000eb2a0000, 0x00000000ec800000, 0x0000000100000000)
   the space 21888K,  46% used [0x00000000eb2a0000, 0x00000000ebca5000, 0x00000000ebca5000, 0x00000000ec800000)
 Metaspace       used 24233K, capacity 24836K, committed 25136K, reserved 1071104K
  class space    used 3172K, capacity 3417K, committed 3456K, reserved 1048576K
}
Event: 17,975 GC heap after
{Heap after GC invocations=17 (full 1):
 def new generation   total 9920K, used 456K [0x00000000e0c00000, 0x00000000e16c0000, 0x00000000eb2a0000)
  eden space 8832K,   0% used [0x00000000e0c00000, 0x00000000e0c00000, 0x00000000e14a0000)
  from space 1088K,  41% used [0x00000000e14a0000, 0x00000000e15122f0, 0x00000000e15b0000)
  to   space 1088K,   0% used [0x00000000e15b0000, 0x00000000e15b0000, 0x00000000e16c0000)
 tenured generation   total 21888K, used 11019K [0x00000000eb2a0000, 0x00000000ec800000, 0x0000000100000000)
   the space 21888K,  50% used [0x00000000eb2a0000, 0x00000000ebd62dc0, 0x00000000ebd62e00, 0x00000000ec800000)
 Metaspace       used 24233K, capacity 24836K, committed 25136K, reserved 1071104K
  class space    used 3172K, capacity 3417K, committed 3456K, reserved 1048576K
}
Event: 18,389 GC heap before
{Heap before GC invocations=17 (full 1):
 def new generation   total 9920K, used 9288K [0x00000000e0c00000, 0x00000000e16c0000, 0x00000000eb2a0000)
  eden space 8832K, 100% used [0x00000000e0c00000, 0x00000000e14a0000, 0x00000000e14a0000)
  from space 1088K,  41% used [0x00000000e14a0000, 0x00000000e15122f0, 0x00000000e15b0000)
  to   space 1088K,   0% used [0x00000000e15b0000, 0x00000000e15b0000, 0x00000000e16c0000)
 tenured generation   total 21888K, used 11019K [0x00000000eb2a0000, 0x00000000ec800000, 0x0000000100000000)
   the space 21888K,  50% used [0x00000000eb2a0000, 0x00000000ebd62dc0, 0x00000000ebd62e00, 0x00000000ec800000)
 Metaspace       used 26269K, capacity 26971K, committed 27184K, reserved 1073152K
  class space    used 3397K, capacity 3680K, committed 3712K, reserved 1048576K
}
Event: 18,396 GC heap after
{Heap after GC invocations=18 (full 1):
 def new generation   total 9920K, used 780K [0x00000000e0c00000, 0x00000000e16c0000, 0x00000000eb2a0000)
  eden space 8832K,   0% used [0x00000000e0c00000, 0x00000000e0c00000, 0x00000000e14a0000)
  from space 1088K,  71% used [0x00000000e15b0000, 0x00000000e1673000, 0x00000000e16c0000)
  to   space 1088K,   0% used [0x00000000e14a0000, 0x00000000e14a0000, 0x00000000e15b0000)
 tenured generation   total 21888K, used 11019K [0x00000000eb2a0000, 0x00000000ec800000, 0x0000000100000000)
   the space 21888K,  50% used [0x00000000eb2a0000, 0x00000000ebd62dc0, 0x00000000ebd62e00, 0x00000000ec800000)
 Metaspace       used 26269K, capacity 26971K, committed 27184K, reserved 1073152K
  class space    used 3397K, capacity 3680K, committed 3712K, reserved 1048576K
}

